{
  "0 debug pnpm:scope": {
    "selected": 1
  },
  "1 error pnpm": {
    "errno": 1,
    "code": "ELIFECYCLE",
    "pkgid": "random_chinese_fantasy_names@0.1.0",
    "stage": "dev",
    "script": "vite",
    "pkgname": "random_chinese_fantasy_names",
    "err": {
      "name": "pnpm",
      "message": "random_chinese_fantasy_names@0.1.0 dev: `vite`\nExit status 1",
      "code": "ELIFECYCLE",
      "stack": "pnpm: random_chinese_fantasy_names@0.1.0 dev: `vite`\nExit status 1\n    at EventEmitter.<anonymous> (C:\\Users\\aleph42\\AppData\\Roaming\\npm\\node_modules\\pnpm\\dist\\pnpm.cjs:103854:20)\n    at EventEmitter.emit (events.js:315:20)\n    at ChildProcess.<anonymous> (C:\\Users\\aleph42\\AppData\\Roaming\\npm\\node_modules\\pnpm\\dist\\pnpm.cjs:91783:18)\n    at ChildProcess.emit (events.js:315:20)\n    at maybeClose (internal/child_process.js:1048:16)\n    at Process.ChildProcess._handle.onexit (internal/child_process.js:288:5)"
    }
  },
  "2 warn pnpm:global": " Local package.json exists, but node_modules missing, did you mean to install?"
}