{
  "0 debug pnpm:scope": {
    "selected": 1
  },
  "1 error pnpm": {
    "errno": 1,
    "code": "ELIFECYCLE",
    "pkgid": "random_chinese_fantasy_names@0.1.10",
    "stage": "build",
    "script": "npx babel src --out-dir commonjs",
    "pkgname": "random_chinese_fantasy_names",
    "err": {
      "name": "pnpm",
      "message": "random_chinese_fantasy_names@0.1.10 build: `npx babel src --out-dir commonjs`\nExit status 1",
      "code": "ELIFECYCLE",
      "stack": "pnpm: random_chinese_fantasy_names@0.1.10 build: `npx babel src --out-dir commonjs`\nExit status 1\n    at EventEmitter.<anonymous> (D:\\npm\\node_modules\\pnpm\\dist\\pnpm.cjs:103853:20)\n    at EventEmitter.emit (events.js:315:20)\n    at ChildProcess.<anonymous> (D:\\npm\\node_modules\\pnpm\\dist\\pnpm.cjs:91782:18)\n    at ChildProcess.emit (events.js:315:20)\n    at maybeClose (internal/child_process.js:1048:16)\n    at Process.ChildProcess._handle.onexit (internal/child_process.js:288:5)"
    }
  },
  "2 warn pnpm:global": " Local package.json exists, but node_modules missing, did you mean to install?"
}